<?xml version="1.0" encoding="UTF-8"?>
<!-- Generated by org.testng.reporters.JUnitXMLReporter -->
<testsuite ignored="0" hostname="DESKTOP-AJ2VL9F" failures="0" tests="2" name="Error Validations Test" time="32.608" errors="0" timestamp="2026-08-16T06:42:08 IST">
  <testcase classname="seleniumFrameworkDesign.tests.ErrorValidationsTest" name="loginErrValidation" time="0.992"/>
  <testcase classname="seleniumFrameworkDesign.tests.ErrorValidationsTest" name="productErr" time="14.587"/>
</testsuite> <!-- Error Validations Test -->
