<?xml version="1.0" encoding="UTF-8"?>
<!-- Generated by org.testng.reporters.JUnitXMLReporter -->
<testsuite ignored="0" hostname="DESKTOP-AJ2VL9F" failures="1" tests="3" name="Error Validation Test" time="51.775" errors="0" timestamp="2026-08-20T20:15:20 IST">
  <testcase classname="seleniumFrameworkDesign.tests.ErrorValidationsTest" name="loginErrValidation" time="0.815">
    <failure type="java.lang.AssertionError" message="expected [Incorrect email or password.!] but found [Incorrect email or password.]">
      <![CDATA[java.lang.AssertionError: expected [Incorrect email or password.!] but found [Incorrect email or password.]
at seleniumFrameworkDesign.tests.ErrorValidationsTest.loginErrValidation(ErrorValidationsTest.java:21)
at java.base/java.util.ArrayList.forEach(ArrayList.java:1596)
... Removed 31 stack frames]]>
    </failure>
  </testcase> <!-- loginErrValidation -->
  <testcase classname="seleniumFrameworkDesign.tests.ErrorValidationsTest" name="productErr" time="14.841"/>
  <testcase classname="seleniumFrameworkDesign.tests.ErrorValidationsTest" name="productErr" time="14.936"/>
</testsuite> <!-- Error Validation Test -->
