<?xml version="1.0" encoding="UTF-8"?>
<!-- Generated by org.testng.reporters.JUnitXMLReporter -->
<testsuite ignored="1" hostname="DESKTOP-AJ2VL9F" failures="0" tests="1" name="ErrorValidationTest" time="8.112" errors="0" timestamp="2026-08-21T05:12:23 IST">
  <testcase classname="seleniumFrameworkDesign.tests.ErrorValidationsTest" name="loginErrValidation" time="2.532"/>
  <testcase classname="seleniumFrameworkDesign.tests.ErrorValidationsTest" name="productErr" time="0.0">
    <ignored/>
  </testcase> <!-- productErr -->
</testsuite> <!-- ErrorValidationTest -->
