<?xml version="1.0" encoding="UTF-8"?>
<!-- Generated by org.testng.reporters.JUnitXMLReporter -->
<testsuite ignored="0" hostname="DESKTOP-AJ2VL9F" failures="0" tests="4" name="Starting Page Test" time="67.4" errors="0" timestamp="2026-08-20T20:14:28 IST">
  <testcase classname="seleniumFrameworkDesign.tests.StartingPageTest" name="orderFlow" time="18.84"/>
  <testcase classname="seleniumFrameworkDesign.tests.StartingPageTest" name="orderFlow" time="16.784"/>
  <testcase classname="seleniumFrameworkDesign.tests.StartingPageTest" name="checkingOrders" time="1.458"/>
  <testcase classname="seleniumFrameworkDesign.tests.StartingPageTest" name="checkingOrders" time="1.495"/>
</testsuite> <!-- Starting Page Test -->
