<?xml version="1.0" encoding="UTF-8"?>
<!-- Generated by org.testng.reporters.JUnitXMLReporter -->
<testsuite ignored="0" hostname="DESKTOP-AJ2VL9F" failures="1" tests="4" name="Error Validation Test" time="41.621" errors="0" timestamp="2026-08-21T05:57:15 IST">
  <testcase classname="seleniumFrameworkDesign.tests.ErrorValidationsTest" name="loginErrValidation" time="0.815"/>
  <testcase classname="seleniumFrameworkDesign.tests.ErrorValidationsTest" name="productErr" time="3.099"/>
  <testcase classname="seleniumFrameworkDesign.tests.ErrorValidationsTest" name="productErr" time="4.596">
    <skipped/>
  </testcase> <!-- productErr -->
  <testcase classname="seleniumFrameworkDesign.tests.ErrorValidationsTest" name="productErr" time="2.038">
    <failure type="org.openqa.selenium.ElementClickInterceptedException" message="element click intercepted: Element &amp;lt;button _ngcontent-anf-c34=&amp;quot;&amp;quot; class=&amp;quot;btn w-10 rounded&amp;quot; style=&amp;quot;float: right;&amp;quot;&amp;gt;...&amp;lt;/button&amp;gt; is not clickable at point (1215, 544). Other element would receive the click: &amp;lt;div class=&amp;quot;ng-tns-c4-0 toast-title ng-star-inserted&amp;quot; aria-label=&amp;quot;Login Successfully&amp;quot; style=&amp;quot;&amp;quot;&amp;gt;...&amp;lt;/div&amp;gt;
  (Session info: MicrosoftEdge=151.0.4129.93)
Build info: version: &amp;apos;4.46.0&amp;apos;, revision: &amp;apos;df5a634 df5a6341cbb5f8f06b836bd595752775627c80dc&amp;apos;
System info: os.name: &amp;apos;Windows 10&amp;apos;, os.arch: &amp;apos;amd64&amp;apos;, os.version: &amp;apos;10.0&amp;apos;, java.version: &amp;apos;21.0.1&amp;apos;
Driver info: org.openqa.selenium.edge.EdgeDriver
Command: [2c6fafbb6265536af53c1b75aceec4aa, clickElement {id=f.7515949CA1CB75CF265CC8D2B15F9474.d.A99DB97051674AD7E39EB95D65E233AF.e.56}]
Capabilities {acceptInsecureCerts: false, browserName: MicrosoftEdge, browserVersion: 151.0.4129.93, fedcm:accounts: true, goog:processID: 55268, ms:edgeOptions: {debuggerAddress: localhost:64285}, msedge: {msedgedriverVersion: 151.0.4129.93 (4a822b1bb7a8..., userDataDir: C:\Users\Lenovo\AppData\Loc...}, networkConnectionEnabled: false, pageLoadStrategy: normal, platformName: windows, proxy: Proxy(), se:cdp: ws://localhost:64285/devtoo..., se:cdpVersion: 151.0.4129.93, setWindowRect: true, strictFileInteractability: false, timeouts: {implicit: 0, pageLoad: 300000, script: 30000}, unhandledPromptBehavior: dismiss and notify, webauthn:extension:credBlob: true, webauthn:extension:largeBlob: true, webauthn:extension:minPinLength: true, webauthn:extension:prf: true, webauthn:virtualAuthenticators: true}
Element: [[[[EdgeDriver: MicrosoftEdge on windows (2c6fafbb6265536af53c1b75aceec4aa)] -&amp;gt; xpath: //div[@class=&amp;apos;card-body&amp;apos;]]] -&amp;gt; xpath: .//button[text()=&amp;apos; Add To Cart&amp;apos;]]
Session ID: 2c6fafbb6265536af53c1b75aceec4aa">
      <![CDATA[org.openqa.selenium.ElementClickInterceptedException: element click intercepted: Element <button _ngcontent-anf-c34="" class="btn w-10 rounded" style="float: right;">...</button> is not clickable at point (1215, 544). Other element would receive the click: <div class="ng-tns-c4-0 toast-title ng-star-inserted" aria-label="Login Successfully" style="">...</div>
  (Session info: MicrosoftEdge=151.0.4129.93)
Build info: version: '4.46.0', revision: 'df5a634 df5a6341cbb5f8f06b836bd595752775627c80dc'
System info: os.name: 'Windows 10', os.arch: 'amd64', os.version: '10.0', java.version: '21.0.1'
Driver info: org.openqa.selenium.edge.EdgeDriver
Command: [2c6fafbb6265536af53c1b75aceec4aa, clickElement {id=f.7515949CA1CB75CF265CC8D2B15F9474.d.A99DB97051674AD7E39EB95D65E233AF.e.56}]
Capabilities {acceptInsecureCerts: false, browserName: MicrosoftEdge, browserVersion: 151.0.4129.93, fedcm:accounts: true, goog:processID: 55268, ms:edgeOptions: {debuggerAddress: localhost:64285}, msedge: {msedgedriverVersion: 151.0.4129.93 (4a822b1bb7a8..., userDataDir: C:\Users\Lenovo\AppData\Loc...}, networkConnectionEnabled: false, pageLoadStrategy: normal, platformName: windows, proxy: Proxy(), se:cdp: ws://localhost:64285/devtoo..., se:cdpVersion: 151.0.4129.93, setWindowRect: true, strictFileInteractability: false, timeouts: {implicit: 0, pageLoad: 300000, script: 30000}, unhandledPromptBehavior: dismiss and notify, webauthn:extension:credBlob: true, webauthn:extension:largeBlob: true, webauthn:extension:minPinLength: true, webauthn:extension:prf: true, webauthn:virtualAuthenticators: true}
Element: [[[[EdgeDriver: MicrosoftEdge on windows (2c6fafbb6265536af53c1b75aceec4aa)] -> xpath: //div[@class='card-body']]] -> xpath: .//button[text()=' Add To Cart']]
Session ID: 2c6fafbb6265536af53c1b75aceec4aa
at org.openqa.selenium.remote.ErrorCodec.decode(ErrorCodec.java:169)
at org.openqa.selenium.remote.codec.w3c.W3CHttpResponseCodec.decode(W3CHttpResponseCodec.java:143)
at org.openqa.selenium.remote.codec.w3c.W3CHttpResponseCodec.decode(W3CHttpResponseCodec.java:50)
at org.openqa.selenium.remote.HttpCommandExecutor.execute(HttpCommandExecutor.java:196)
at org.openqa.selenium.remote.service.DriverCommandExecutor.invokeExecute(DriverCommandExecutor.java:217)
at org.openqa.selenium.remote.service.DriverCommandExecutor.execute(DriverCommandExecutor.java:175)
at org.openqa.selenium.remote.RemoteWebDriver.execute(RemoteWebDriver.java:626)
at org.openqa.selenium.remote.RemoteWebElement.execute(RemoteWebElement.java:225)
at org.openqa.selenium.remote.RemoteWebElement.click(RemoteWebElement.java:79)
at seleniumFrameworkDesign.pageobjects.ProductCatalogue.addToCart(ProductCatalogue.java:41)
at seleniumFrameworkDesign.tests.ErrorValidationsTest.productErr(ErrorValidationsTest.java:29)
at java.base/java.util.ArrayList.forEach(ArrayList.java:1596)
at java.base/java.util.concurrent.FutureTask.run(FutureTask.java:317)
at java.base/java.util.concurrent.ThreadPoolExecutor.runWorker(ThreadPoolExecutor.java:1144)
at java.base/java.util.concurrent.ThreadPoolExecutor$Worker.run(ThreadPoolExecutor.java:642)
at java.base/java.lang.Thread.run(Thread.java:1583)
... Removed 15 stack frames]]>
    </failure>
  </testcase> <!-- productErr -->
</testsuite> <!-- Error Validation Test -->
