<?xml version="1.0" encoding="UTF-8"?>
<testng-results ignored="1" total="2" passed="1" failed="0" skipped="0">
  <reporter-output>
  </reporter-output>
  <suite started-at="2026-09-16T15:46:06 IST" name="Suite" finished-at="2026-09-16T15:46:53 IST" duration-ms="46589">
    <groups>
      <group name="loginValidation">
        <method signature="ErrorValidationsTest.loginErrValidation()[pri:0, instance:seleniumFrameworkDesign.tests.ErrorValidationsTest@2892d68]" name="loginErrValidation" class="seleniumFrameworkDesign.tests.ErrorValidationsTest"/>
      </group> <!-- loginValidation -->
    </groups>
    <test started-at="2026-09-16T15:46:06 IST" name="ErrorValidationTest" finished-at="2026-09-16T15:46:53 IST" duration-ms="46589">
      <class name="seleniumFrameworkDesign.tests.ErrorValidationsTest">
        <test-method is-config="true" signature="launchApplication()[pri:0, instance:seleniumFrameworkDesign.tests.ErrorValidationsTest@2892d68]" started-at="2026-09-16T15:46:06 IST" name="launchApplication" finished-at="2026-09-16T15:46:23 IST" duration-ms="16788" status="PASS">
          <reporter-output>
          </reporter-output>
        </test-method> <!-- launchApplication -->
        <test-method signature="loginErrValidation()[pri:0, instance:seleniumFrameworkDesign.tests.ErrorValidationsTest@2892d68]" started-at="2026-09-16T15:46:23 IST" name="loginErrValidation" finished-at="2026-09-16T15:46:24 IST" duration-ms="747" status="PASS">
          <reporter-output>
          </reporter-output>
        </test-method> <!-- loginErrValidation -->
        <test-method is-config="true" signature="closeDriver()[pri:0, instance:seleniumFrameworkDesign.tests.ErrorValidationsTest@2892d68]" started-at="2026-09-16T15:46:24 IST" name="closeDriver" finished-at="2026-09-16T15:46:53 IST" duration-ms="28946" status="PASS">
          <reporter-output>
          </reporter-output>
        </test-method> <!-- closeDriver -->
      </class> <!-- seleniumFrameworkDesign.tests.ErrorValidationsTest -->
    </test> <!-- ErrorValidationTest -->
  </suite> <!-- Suite -->
</testng-results>
