<?xml version="1.0" encoding="UTF-8"?>
<testng-results ignored="1" total="2" passed="1" failed="0" skipped="0">
  <reporter-output>
  </reporter-output>
  <suite started-at="2026-08-21T05:12:15 IST" name="Suite" finished-at="2026-08-21T05:12:23 IST" duration-ms="8112">
    <groups>
      <group name="loginValidation">
        <method signature="ErrorValidationsTest.loginErrValidation()[pri:0, instance:seleniumFrameworkDesign.tests.ErrorValidationsTest@41488b16]" name="loginErrValidation" class="seleniumFrameworkDesign.tests.ErrorValidationsTest"/>
      </group> <!-- loginValidation -->
    </groups>
    <test started-at="2026-08-21T05:12:15 IST" name="ErrorValidationTest" finished-at="2026-08-21T05:12:23 IST" duration-ms="8112">
      <class name="seleniumFrameworkDesign.tests.ErrorValidationsTest">
        <test-method is-config="true" signature="launchApplication()[pri:0, instance:seleniumFrameworkDesign.tests.ErrorValidationsTest@41488b16]" started-at="2026-08-21T05:12:15 IST" name="launchApplication" finished-at="2026-08-21T05:12:20 IST" duration-ms="5275" status="PASS">
          <reporter-output>
          </reporter-output>
        </test-method> <!-- launchApplication -->
        <test-method signature="loginErrValidation()[pri:0, instance:seleniumFrameworkDesign.tests.ErrorValidationsTest@41488b16]" started-at="2026-08-21T05:12:20 IST" name="loginErrValidation" finished-at="2026-08-21T05:12:22 IST" duration-ms="2532" status="PASS">
          <reporter-output>
          </reporter-output>
        </test-method> <!-- loginErrValidation -->
        <test-method is-config="true" signature="closeDriver()[pri:0, instance:seleniumFrameworkDesign.tests.ErrorValidationsTest@41488b16]" started-at="2026-08-21T05:12:22 IST" name="closeDriver" finished-at="2026-08-21T05:12:23 IST" duration-ms="222" status="PASS">
          <reporter-output>
          </reporter-output>
        </test-method> <!-- closeDriver -->
      </class> <!-- seleniumFrameworkDesign.tests.ErrorValidationsTest -->
    </test> <!-- ErrorValidationTest -->
  </suite> <!-- Suite -->
</testng-results>
