<?xml version="1.0" encoding="UTF-8"?>
<!-- Generated by org.testng.reporters.JUnitReportReporter -->
<testsuite hostname="DESKTOP-AJ2VL9F" failures="0" tests="2" name="seleniumFrameworkDesign.tests.ErrorValidations" time="31.169" errors="0" timestamp="2026-08-16T05:23:38 IST" skipped="0">
  <testcase classname="seleniumFrameworkDesign.tests.ErrorValidations" name="loginErrValidation" time="4.473"/>
  <testcase classname="seleniumFrameworkDesign.tests.ErrorValidations" name="productErr" time="26.696"/>
</testsuite> <!-- seleniumFrameworkDesign.tests.ErrorValidations -->
