<?xml version="1.0" encoding="UTF-8"?>
<!-- Generated by org.testng.reporters.JUnitReportReporter -->
<testsuite hostname="DESKTOP-AJ2VL9F" failures="0" tests="4" name="seleniumFrameworkDesign.tests.StartingPageTest" time="66.850" errors="0" timestamp="2026-08-20T20:15:20 IST" skipped="0">
  <testcase classname="seleniumFrameworkDesign.tests.StartingPageTest" name="checkingOrders" time="8.695"/>
  <testcase classname="seleniumFrameworkDesign.tests.StartingPageTest" name="orderFlow" time="26.631"/>
  <testcase classname="seleniumFrameworkDesign.tests.StartingPageTest" name="orderFlow" time="23.824"/>
  <testcase classname="seleniumFrameworkDesign.tests.StartingPageTest" name="checkingOrders" time="7.700"/>
</testsuite> <!-- seleniumFrameworkDesign.tests.StartingPageTest -->
